<?xml version="1.0" encoding="UTF-8"?>
<!-- Generated by org.testng.reporters.JUnitReportReporter -->
<testsuite hostname="AlamFaleela" failures="0" tests="1" name="com.eComm.app.mobileBrowserTest" time="16.694" errors="0" timestamp="06 May 2023 07:04:37 GMT" skipped="0">
  <testcase classname="com.eComm.app.mobileBrowserTest" name="MobileBrowserTest" time="16.694"/>
</testsuite> <!-- com.eComm.app.mobileBrowserTest -->
