<?xml version="1.0" encoding="UTF-8"?>
<!-- Generated by org.testng.reporters.JUnitReportReporter -->
<testsuite hostname="AlamFaleela" failures="0" tests="1" name="com.eComm.app.eCommerce_tc3" time="29.824" errors="0" timestamp="03 May 2023 19:20:19 GMT" skipped="0">
  <testcase classname="com.eComm.app.eCommerce_tc3" name="valCartPageProd" time="29.824"/>
</testsuite> <!-- com.eComm.app.eCommerce_tc3 -->
