<?xml version="1.0" encoding="UTF-8"?>
<!-- Generated by org.testng.reporters.JUnitReportReporter -->
<testsuite hostname="AlamFaleela" failures="0" tests="1" name="com.android.ecom.MobileGestures" time="37.620" errors="0" timestamp="01 May 2023 08:01:58 GMT" skipped="0">
  <testcase classname="com.android.ecom.MobileGestures" name="directNavigationToAppPage" time="37.620"/>
</testsuite> <!-- com.android.ecom.MobileGestures -->
