<?xml version="1.0" encoding="UTF-8"?>
<!-- Generated by org.testng.reporters.JUnitReportReporter -->
<testsuite hostname="AlamFaleela" failures="0" tests="1" name="com.eComm.app.eCommerce_tc5" time="36.160" errors="0" timestamp="04 May 2023 05:05:46 GMT" skipped="0">
  <testcase classname="com.eComm.app.eCommerce_tc5" name="mobileGestures" time="36.160"/>
</testsuite> <!-- com.eComm.app.eCommerce_tc5 -->
