<?xml version="1.0" encoding="UTF-8"?>
<!-- Generated by org.testng.reporters.JUnitReportReporter -->
<testsuite hostname="AlamFaleela" failures="0" tests="1" name="com.android.testing.DirectNaviagationToMobilePages" time="35.378" errors="0" timestamp="01 May 2023 12:28:37 GMT" skipped="0">
  <testcase classname="com.android.testing.DirectNaviagationToMobilePages" name="miscellanous" time="35.378"/>
</testsuite> <!-- com.android.testing.DirectNaviagationToMobilePages -->
