<?xml version="1.0" encoding="UTF-8"?>
<!-- Generated by org.testng.reporters.JUnitReportReporter -->
<testsuite hostname="AlamFaleela" failures="0" tests="1" name="com.eComm.app.eCommerce_tc2" time="32.456" errors="0" timestamp="03 May 2023 18:40:37 GMT" skipped="0">
  <testcase classname="com.eComm.app.eCommerce_tc2" name="scrollAndAddProdToCart" time="32.456"/>
</testsuite> <!-- com.eComm.app.eCommerce_tc2 -->
