<?xml version="1.0" encoding="UTF-8"?>
<!-- Generated by org.testng.reporters.JUnitReportReporter -->
<testsuite hostname="AlamFaleela" failures="0" tests="2" name="com.eComm.app.eCommerce_tc1" time="52.322" errors="0" timestamp="01 May 2023 17:36:46 GMT" skipped="0">
  <testcase classname="com.eComm.app.eCommerce_tc1" name="FillForm" time="25.536"/>
  <testcase classname="com.eComm.app.eCommerce_tc1" name="validatingToastErrMsg" time="26.786"/>
</testsuite> <!-- com.eComm.app.eCommerce_tc1 -->
