<?xml version="1.0" encoding="UTF-8"?>
<!-- Generated by org.testng.reporters.JUnitReportReporter -->
<testsuite hostname="AlamFaleela" failures="0" tests="1" name="com.android.ecom.AppiumBasics" time="23.690" errors="0" timestamp="19 Apr 2023 17:58:33 GMT" skipped="0">
  <testcase classname="com.android.ecom.AppiumBasics" name="AppiumTest" time="23.690"/>
</testsuite> <!-- com.android.ecom.AppiumBasics -->
