<?xml version="1.0" encoding="UTF-8"?>
<!-- Generated by org.testng.reporters.JUnitReportReporter -->
<testsuite hostname="AlamFaleela" failures="0" tests="1" name="com.eComm.app.eCommerce_tc4" time="26.945" errors="0" timestamp="04 May 2023 04:00:58 GMT" skipped="0">
  <testcase classname="com.eComm.app.eCommerce_tc4" name="valAmontDisplayedInCart" time="26.945"/>
</testsuite> <!-- com.eComm.app.eCommerce_tc4 -->
