<?xml version="1.0" encoding="UTF-8"?>
<!-- Generated by org.testng.reporters.JUnitReportReporter -->
<testsuite hostname="AlamFaleela" failures="0" tests="1" name="com.eComm.app.eCommerce_tc6" time="81.091" errors="0" timestamp="06 May 2023 07:02:48 GMT" skipped="0">
  <testcase classname="com.eComm.app.eCommerce_tc6" name="appToWebbrowserRendering" time="81.091"/>
</testsuite> <!-- com.eComm.app.eCommerce_tc6 -->
